[debug] [2024-12-08T00:12:24.363Z] ----------------------------------------------------------------------
[debug] [2024-12-08T00:12:24.368Z] Command:       C:\Program Files\nodejs\node.exe C:\Program Files\nodejs\node_modules\firebase-tools\lib\bin\firebase.js init
[debug] [2024-12-08T00:12:24.369Z] CLI Version:   13.28.0
[debug] [2024-12-08T00:12:24.370Z] Platform:      win32
[debug] [2024-12-08T00:12:24.370Z] Node Version:  v22.2.0
[debug] [2024-12-08T00:12:24.371Z] Time:          Sun Dec 08 2024 00:12:24 GMT+0000 (Greenwich Mean Time)
[debug] [2024-12-08T00:12:24.371Z] ----------------------------------------------------------------------
[debug] 
[debug] [2024-12-08T00:12:24.554Z] > command requires scopes: ["email","openid","https://www.googleapis.com/auth/cloudplatformprojects.readonly","https://www.googleapis.com/auth/firebase","https://www.googleapis.com/auth/cloud-platform"]
[debug] [2024-12-08T00:12:24.555Z] > authorizing via signed-in user (gyasi.wk@gmail.com)
[info] 
     ######## #### ########  ######## ########     ###     ######  ########
     ##        ##  ##     ## ##       ##     ##  ##   ##  ##       ##
     ######    ##  ########  ######   ########  #########  ######  ######
     ##        ##  ##    ##  ##       ##     ## ##     ##       ## ##
     ##       #### ##     ## ######## ########  ##     ##  ######  ########

You're about to initialize a Firebase project in this directory:

  C:\Users\Kronos\Documents\Web Projects\penny-pilot

Before we get started, keep in mind:

  * You are initializing within an existing Firebase project directory

